Using pre-set license
Built from '2020.3/release' branch; Version is '2020.3.2f1 (8fd9074bf66c) revision 9427207'; Using compiler version '192528614'; Build Type 'Release'
OS: 'Windows 10 Enterprise LTSC 2019; OS build 17763.1999; Version 1809; 64bit' Language: 'en' Physical Memory: 8066 MB
BatchMode: 1, IsHumanControllingUs: 0, StartBugReporterOnCrash: 0, Is64bit: 1, IsPro: 0

 COMMAND LINE ARGUMENTS:
C:\Program Files\Unity\Hub\Editor\2020.3.2f1\Editor\Unity.exe
-adb2
-batchMode
-noUpm
-name
AssetImportWorker0
-projectPath
C:/Users/master01/Desktop/UNITY/Counter Slasher
-logFile
Logs/AssetImportWorker0.log
-srvPort
62054
Successfully changed project path to: C:/Users/master01/Desktop/UNITY/Counter Slasher
C:/Users/master01/Desktop/UNITY/Counter Slasher
Using Asset Import Pipeline V2.
Refreshing native plugins compatible for Editor in 134.09 ms, found 1 plugins.
Preloading 0 native plugins for Editor in 0.00 ms.
Initialize engine version: 2020.3.2f1 (8fd9074bf66c)
[Subsystems] Discovering subsystems at path C:/Program Files/Unity/Hub/Editor/2020.3.2f1/Editor/Data/Resources/UnitySubsystems
[Subsystems] Discovering subsystems at path C:/Users/master01/Desktop/UNITY/Counter Slasher/Assets
GfxDevice: creating device client; threaded=0
Direct3D:
    Version:  Direct3D 11.0 [level 11.0]
    Renderer: Intel(R) HD Graphics 4000 (ID=0x166)
    Vendor:   
    VRAM:     128 MB
    Driver:   10.18.10.4252
Initialize mono
Mono path[0] = 'C:/Program Files/Unity/Hub/Editor/2020.3.2f1/Editor/Data/Managed'
Mono path[1] = 'C:/Program Files/Unity/Hub/Editor/2020.3.2f1/Editor/Data/MonoBleedingEdge/lib/mono/unityjit'
Mono config path = 'C:/Program Files/Unity/Hub/Editor/2020.3.2f1/Editor/Data/MonoBleedingEdge/etc'
Using monoOptions --debugger-agent=transport=dt_socket,embedding=1,server=y,suspend=n,address=127.0.0.1:56600
Begin MonoManager ReloadAssembly
Registering precompiled unity dll's ...
Register platform support module: C:/Program Files/Unity/Hub/Editor/2020.3.2f1/Editor/Data/PlaybackEngines/WindowsStandaloneSupport/UnityEditor.WindowsStandalone.Extensions.dll
Registered in 0.003187 seconds.
Native extension for WindowsStandalone target not found
Refreshing native plugins compatible for Editor in 65.77 ms, found 1 plugins.
Preloading 0 native plugins for Editor in 0.00 ms.
Invoked RoslynAnalysisRunner static constructor.
RoslynAnalysisRunner will not be running.
RoslynAnalysisRunner has terminated.
Mono: successfully reloaded assembly
- Completed reload, in  5.436 seconds
Platform modules already initialized, skipping
Registering precompiled user dll's ...
Registered in 0.001713 seconds.
Begin MonoManager ReloadAssembly
Native extension for WindowsStandalone target not found
Refreshing native plugins compatible for Editor in 76.72 ms, found 1 plugins.
Preloading 0 native plugins for Editor in 0.00 ms.
Invoked RoslynAnalysisRunner static constructor.
RoslynAnalysisRunner will not be running.
RoslynAnalysisRunner has terminated.
Mono: successfully reloaded assembly
- Completed reload, in  2.318 seconds
Platform modules already initialized, skipping
========================================================================
Worker process is ready to serve import requests
Launched and connected shader compiler UnityShaderCompiler.exe after 0.23 seconds
Refreshing native plugins compatible for Editor in 0.73 ms, found 1 plugins.
Preloading 0 native plugins for Editor in 0.00 ms.
Unloading 1819 Unused Serialized files (Serialized files now loaded: 0)
System memory in use before: 85.3 MB.
System memory in use after: 85.3 MB.

Unloading 24 unused Assets to reduce memory usage. Loaded Objects now: 2261.
Total: 3.416100 ms (FindLiveObjects: 0.476200 ms CreateObjectMapping: 0.201400 ms MarkObjects: 2.523900 ms  DeleteObjects: 0.211800 ms)

========================================================================
Received Import Request.
  path: Assets/Scripts/Interfaces/IController.cs
  artifactKey: Guid(09e2f02ba7d7cb84ca435b504552045a) Importer(815301076,1909f56bfc062723c751e8b465ee728b)
Start importing Assets/Scripts/Interfaces/IController.cs using Guid(09e2f02ba7d7cb84ca435b504552045a) Importer(815301076,1909f56bfc062723c751e8b465ee728b)  -> (artifact id: '26480c1aa457379dda290d59a4024de6') in 0.077410 seconds
  Import took 0.087972 seconds .

========================================================================
Received Prepare
Registering precompiled user dll's ...
Registered in 0.121473 seconds.
Begin MonoManager ReloadAssembly
Native extension for WindowsStandalone target not found
Refreshing native plugins compatible for Editor in 1.21 ms, found 1 plugins.
Preloading 0 native plugins for Editor in 0.00 ms.
Invoked RoslynAnalysisRunner static constructor.
RoslynAnalysisRunner will not be running.
RoslynAnalysisRunner has terminated.
Mono: successfully reloaded assembly
- Completed reload, in  2.107 seconds
Platform modules already initialized, skipping
Switching build target platform(5) subTarget(0) extendedPlatform(0) -> platform(13) subTarget(537395200) extendedPlatform(0)
Refreshing native plugins compatible for Editor in 0.76 ms, found 1 plugins.
Preloading 0 native plugins for Editor in 0.00 ms.
Unloading 1817 Unused Serialized files (Serialized files now loaded: 0)
System memory in use before: 85.3 MB.
System memory in use after: 85.3 MB.

Unloading 12 unused Assets to reduce memory usage. Loaded Objects now: 2265.
Total: 2.876300 ms (FindLiveObjects: 0.241100 ms CreateObjectMapping: 0.090100 ms MarkObjects: 2.370200 ms  DeleteObjects: 0.172400 ms)

AssetImportParameters requested are different than current active one (requested -> active):
  custom:graphics/normal-map-encoding: 01000000000000000000000000000000 -> 02000000000000000000000000000000
========================================================================
Received Import Request.
  Time since last request: 5961.020659 seconds.
  path: Assets/Scripts/Controllers.cs
  artifactKey: Guid(c3e7d35b16dea8f419db19a7bf3c86f6) Importer(815301076,1909f56bfc062723c751e8b465ee728b)
Start importing Assets/Scripts/Controllers.cs using Guid(c3e7d35b16dea8f419db19a7bf3c86f6) Importer(815301076,1909f56bfc062723c751e8b465ee728b)  -> (artifact id: '2c48e311b8d49ff8a98e2e6b2696a2c2') in 0.215338 seconds
  Import took 0.226419 seconds .

========================================================================
Received Import Request.
  Time since last request: 176.000419 seconds.
  path: Assets/Scripts/Controllers.cs
  artifactKey: Guid(c3e7d35b16dea8f419db19a7bf3c86f6) Importer(815301076,1909f56bfc062723c751e8b465ee728b)
Start importing Assets/Scripts/Controllers.cs using Guid(c3e7d35b16dea8f419db19a7bf3c86f6) Importer(815301076,1909f56bfc062723c751e8b465ee728b)  -> (artifact id: '48d951d65132c5a606dda06d370d6b52') in 0.067029 seconds
  Import took 0.139720 seconds .

========================================================================
Received Import Request.
  Time since last request: 4.787310 seconds.
  path: Assets/Scripts/Starter.cs
  artifactKey: Guid(0841b952619f5f94295e82f7c6eb8217) Importer(815301076,1909f56bfc062723c751e8b465ee728b)
Start importing Assets/Scripts/Starter.cs using Guid(0841b952619f5f94295e82f7c6eb8217) Importer(815301076,1909f56bfc062723c751e8b465ee728b)  -> (artifact id: 'ca405fefdc4cd4b9e736db65e880bfb4') in 0.031854 seconds
  Import took 0.040065 seconds .

========================================================================
Received Import Request.
  Time since last request: 0.044470 seconds.
  path: Assets/Scripts/Starter.cs
  artifactKey: Guid(0841b952619f5f94295e82f7c6eb8217) Importer(815301076,1909f56bfc062723c751e8b465ee728b)
Start importing Assets/Scripts/Starter.cs using Guid(0841b952619f5f94295e82f7c6eb8217) Importer(815301076,1909f56bfc062723c751e8b465ee728b)  -> (artifact id: 'ca405fefdc4cd4b9e736db65e880bfb4') in 0.075724 seconds
  Import took 0.082675 seconds .

========================================================================
Received Import Request.
  Time since last request: 7.056380 seconds.
  path: Assets/Scripts/StarterController.cs
  artifactKey: Guid(0841b952619f5f94295e82f7c6eb8217) Importer(815301076,1909f56bfc062723c751e8b465ee728b)
Start importing Assets/Scripts/StarterController.cs using Guid(0841b952619f5f94295e82f7c6eb8217) Importer(815301076,1909f56bfc062723c751e8b465ee728b)  -> (artifact id: 'fae4a71eb2425787fb580e19ef3f68f4') in 0.087919 seconds
  Import took 0.115860 seconds .

========================================================================
Received Import Request.
  Time since last request: 238.093863 seconds.
  path: Assets/Scripts/Interfaces/IStarter.cs
  artifactKey: Guid(950a8d7aa0491714cb6b3579c6274117) Importer(815301076,1909f56bfc062723c751e8b465ee728b)
Start importing Assets/Scripts/Interfaces/IStarter.cs using Guid(950a8d7aa0491714cb6b3579c6274117) Importer(815301076,1909f56bfc062723c751e8b465ee728b)  -> (artifact id: '2d6b016f62d6e295f29f41d26b246af5') in 0.085192 seconds
  Import took 0.099757 seconds .

========================================================================
Received Import Request.
  Time since last request: 43.827857 seconds.
  path: Assets/Scripts/Interfaces/IStarter.cs
  artifactKey: Guid(950a8d7aa0491714cb6b3579c6274117) Importer(815301076,1909f56bfc062723c751e8b465ee728b)
Start importing Assets/Scripts/Interfaces/IStarter.cs using Guid(950a8d7aa0491714cb6b3579c6274117) Importer(815301076,1909f56bfc062723c751e8b465ee728b)  -> (artifact id: 'f9a3c63800271ae6ddf4e1ec43684024') in 0.031010 seconds
  Import took 0.050309 seconds .

========================================================================
Received Import Request.
  Time since last request: 9.418913 seconds.
  path: Assets/Scripts/Interfaces/IDestroyer.cs
  artifactKey: Guid(9e4f9b63836b53c449175ca30dc6cc40) Importer(815301076,1909f56bfc062723c751e8b465ee728b)
Start importing Assets/Scripts/Interfaces/IDestroyer.cs using Guid(9e4f9b63836b53c449175ca30dc6cc40) Importer(815301076,1909f56bfc062723c751e8b465ee728b)  -> (artifact id: 'd01f5bc15896fc74ea7a83e649788791') in 0.063047 seconds
  Import took 0.095415 seconds .

========================================================================
Received Import Request.
  Time since last request: 157.038617 seconds.
  path: Assets/Scripts/Interfaces/IDestroyer.cs
  artifactKey: Guid(9e4f9b63836b53c449175ca30dc6cc40) Importer(815301076,1909f56bfc062723c751e8b465ee728b)
Start importing Assets/Scripts/Interfaces/IDestroyer.cs using Guid(9e4f9b63836b53c449175ca30dc6cc40) Importer(815301076,1909f56bfc062723c751e8b465ee728b)  -> (artifact id: 'e2e48a83d618b879320c533e613dc3e2') in 0.053207 seconds
  Import took 0.124366 seconds .

========================================================================
Received Import Request.
  Time since last request: 498.439083 seconds.
  path: Assets/Scripts/StarterController.cs
  artifactKey: Guid(0841b952619f5f94295e82f7c6eb8217) Importer(815301076,1909f56bfc062723c751e8b465ee728b)
Start importing Assets/Scripts/StarterController.cs using Guid(0841b952619f5f94295e82f7c6eb8217) Importer(815301076,1909f56bfc062723c751e8b465ee728b)  -> (artifact id: 'b43f4433b1ff5bfed680c9600e80f035') in 0.054243 seconds
  Import took 0.061609 seconds .

========================================================================
Received Import Request.
  Time since last request: 6.440570 seconds.
  path: Assets/Scripts/GameStarter.cs
  artifactKey: Guid(0841b952619f5f94295e82f7c6eb8217) Importer(815301076,1909f56bfc062723c751e8b465ee728b)
Start importing Assets/Scripts/GameStarter.cs using Guid(0841b952619f5f94295e82f7c6eb8217) Importer(815301076,1909f56bfc062723c751e8b465ee728b)  -> (artifact id: 'dff6ada51e2e2a139998cd39d49f6028') in 0.143334 seconds
  Import took 0.154915 seconds .

========================================================================
Received Import Request.
  Time since last request: 406.257199 seconds.
  path: Assets/Scripts/GameStarter.cs
  artifactKey: Guid(0841b952619f5f94295e82f7c6eb8217) Importer(815301076,1909f56bfc062723c751e8b465ee728b)
Start importing Assets/Scripts/GameStarter.cs using Guid(0841b952619f5f94295e82f7c6eb8217) Importer(815301076,1909f56bfc062723c751e8b465ee728b)  -> (artifact id: 'd35f351b1f4736935aa13c3f0753223e') in 0.019413 seconds
  Import took 0.030918 seconds .

========================================================================
Received Prepare
Registering precompiled user dll's ...
Registered in 0.003440 seconds.
Begin MonoManager ReloadAssembly
Native extension for WindowsStandalone target not found
Refreshing native plugins compatible for Editor in 0.69 ms, found 1 plugins.
Preloading 0 native plugins for Editor in 0.00 ms.
Invoked RoslynAnalysisRunner static constructor.
RoslynAnalysisRunner will not be running.
RoslynAnalysisRunner has terminated.
Mono: successfully reloaded assembly
- Completed reload, in  2.119 seconds
Platform modules already initialized, skipping
Switching build target platform(5) subTarget(0) extendedPlatform(0) -> platform(13) subTarget(537395200) extendedPlatform(0)
Refreshing native plugins compatible for Editor in 0.84 ms, found 1 plugins.
Preloading 0 native plugins for Editor in 0.00 ms.
Unloading 1820 Unused Serialized files (Serialized files now loaded: 0)
System memory in use before: 85.4 MB.
System memory in use after: 85.4 MB.

Unloading 12 unused Assets to reduce memory usage. Loaded Objects now: 2272.
Total: 4.478500 ms (FindLiveObjects: 0.240400 ms CreateObjectMapping: 0.091500 ms MarkObjects: 3.975800 ms  DeleteObjects: 0.167900 ms)

AssetImportParameters requested are different than current active one (requested -> active):
  custom:graphics/normal-map-encoding: 01000000000000000000000000000000 -> 02000000000000000000000000000000
========================================================================
Received Import Request.
  Time since last request: 322.812867 seconds.
  path: Assets/Scripts/GameStarter.cs
  artifactKey: Guid(0841b952619f5f94295e82f7c6eb8217) Importer(815301076,1909f56bfc062723c751e8b465ee728b)
Start importing Assets/Scripts/GameStarter.cs using Guid(0841b952619f5f94295e82f7c6eb8217) Importer(815301076,1909f56bfc062723c751e8b465ee728b)  -> (artifact id: 'b4fb6d32bdaf867689757708ce3e39e3') in 0.016654 seconds
  Import took 0.027268 seconds .

========================================================================
Received Prepare
Registering precompiled user dll's ...
Registered in 0.001620 seconds.
Begin MonoManager ReloadAssembly
Native extension for WindowsStandalone target not found
Refreshing native plugins compatible for Editor in 0.61 ms, found 1 plugins.
Preloading 0 native plugins for Editor in 0.00 ms.
Invoked RoslynAnalysisRunner static constructor.
RoslynAnalysisRunner will not be running.
RoslynAnalysisRunner has terminated.
Mono: successfully reloaded assembly
- Completed reload, in  1.648 seconds
Platform modules already initialized, skipping
Switching build target platform(5) subTarget(0) extendedPlatform(0) -> platform(13) subTarget(537395200) extendedPlatform(0)
Refreshing native plugins compatible for Editor in 1.37 ms, found 1 plugins.
Preloading 0 native plugins for Editor in 0.00 ms.
Unloading 1820 Unused Serialized files (Serialized files now loaded: 0)
System memory in use before: 85.4 MB.
System memory in use after: 85.4 MB.

Unloading 12 unused Assets to reduce memory usage. Loaded Objects now: 2276.
Total: 3.108500 ms (FindLiveObjects: 0.293500 ms CreateObjectMapping: 0.189900 ms MarkObjects: 2.464100 ms  DeleteObjects: 0.159100 ms)

AssetImportParameters requested are different than current active one (requested -> active):
  custom:graphics/normal-map-encoding: 01000000000000000000000000000000 -> 02000000000000000000000000000000
========================================================================
Received Prepare
Registering precompiled user dll's ...
Registered in 0.002913 seconds.
Begin MonoManager ReloadAssembly
Native extension for WindowsStandalone target not found
Refreshing native plugins compatible for Editor in 0.76 ms, found 1 plugins.
Preloading 0 native plugins for Editor in 0.00 ms.
Invoked RoslynAnalysisRunner static constructor.
RoslynAnalysisRunner will not be running.
RoslynAnalysisRunner has terminated.
Mono: successfully reloaded assembly
- Completed reload, in  2.265 seconds
Platform modules already initialized, skipping
Switching build target platform(5) subTarget(0) extendedPlatform(0) -> platform(13) subTarget(537395200) extendedPlatform(0)
Refreshing native plugins compatible for Editor in 0.58 ms, found 1 plugins.
Preloading 0 native plugins for Editor in 0.00 ms.
Unloading 1820 Unused Serialized files (Serialized files now loaded: 0)
System memory in use before: 85.4 MB.
System memory in use after: 85.4 MB.

Unloading 12 unused Assets to reduce memory usage. Loaded Objects now: 2280.
Total: 5.795300 ms (FindLiveObjects: 0.710100 ms CreateObjectMapping: 0.285100 ms MarkObjects: 4.490800 ms  DeleteObjects: 0.304200 ms)

AssetImportParameters requested are different than current active one (requested -> active):
  custom:graphics/normal-map-encoding: 01000000000000000000000000000000 -> 02000000000000000000000000000000
